[Started Indico ERROR Log]
[Closed Indico ERROR Log]
[Started Indico ERROR Log]
[Closed Indico ERROR Log]
[Started Indico ERROR Log]
[Closed Indico ERROR Log]
[Started Indico ERROR Log]
[Closed Indico ERROR Log]
[Started Indico ERROR Log]
[Closed Indico ERROR Log]
[Started Indico ERROR Log]
[Closed Indico ERROR Log]
[Started Indico ERROR Log]
2016-09-16 17:37:11,984 [9096    ] ERROR - IndicoConfiguration class: Unable to retrieve the config value for ImagesFtpUrl
2016-09-16 17:37:21,078 [9096    ] ERROR - IndicoConfiguration class: Unable to retrieve the config value for ImagesFtpUserName
2016-09-16 17:37:21,129 [9096    ] ERROR - IndicoConfiguration class: Unable to retrieve the config value for ImagesFtpPassword
[Closed Indico ERROR Log]
[Started Indico ERROR Log]
[Closed Indico ERROR Log]
[Started Indico ERROR Log]
2016-09-16 18:15:29,160 [6020    ] ERROR - IndicoConfiguration class: Unable to retrieve the config value for ImagesFtpUrl
2016-09-16 18:15:29,180 [6020    ] ERROR - IndicoConfiguration class: Unable to retrieve the config value for ImagesFtpUserName
2016-09-16 18:15:29,182 [6020    ] ERROR - IndicoConfiguration class: Unable to retrieve the config value for ImagesFtpPassword
[Closed Indico ERROR Log]
[Started Indico ERROR Log]
[Closed Indico ERROR Log]
[Started Indico ERROR Log]
2016-09-16 18:30:31,943 [6020    ] ERROR - IndicoConfiguration class: Unable to retrieve the config value for ImagesFtpUrl
2016-09-16 18:30:31,948 [6020    ] ERROR - IndicoConfiguration class: Unable to retrieve the config value for ImagesFtpUserName
2016-09-16 18:30:31,949 [6020    ] ERROR - IndicoConfiguration class: Unable to retrieve the config value for ImagesFtpPassword
[Closed Indico ERROR Log]
[Started Indico ERROR Log]
[Closed Indico ERROR Log]
[Started Indico ERROR Log]
2016-09-19 10:49:23,881 [6044    ] ERROR - IndicoConfiguration class: Unable to retrieve the config value for ImagesFtpUrl
2016-09-19 10:49:23,881 [6044    ] ERROR - IndicoConfiguration class: Unable to retrieve the config value for ImagesFtpUserName
2016-09-19 10:49:23,881 [6044    ] ERROR - IndicoConfiguration class: Unable to retrieve the config value for ImagesFtpPassword
[Closed Indico ERROR Log]
[Started Indico ERROR Log]
2016-09-19 10:51:35,596 [9512    ] ERROR - IndicoConfiguration class: Unable to retrieve the config value for ImagesFtpUrl
2016-09-19 10:51:35,601 [9512    ] ERROR - IndicoConfiguration class: Unable to retrieve the config value for ImagesFtpUserName
2016-09-19 10:51:35,602 [9512    ] ERROR - IndicoConfiguration class: Unable to retrieve the config value for ImagesFtpPassword
[Closed Indico ERROR Log]
[Started Indico ERROR Log]
2016-09-19 10:55:26,135 [8940    ] ERROR - IndicoConfiguration class: Unable to retrieve the config value for ImagesFtpUrl
2016-09-19 10:55:26,141 [8940    ] ERROR - IndicoConfiguration class: Unable to retrieve the config value for ImagesFtpUserName
2016-09-19 10:55:26,142 [8940    ] ERROR - IndicoConfiguration class: Unable to retrieve the config value for ImagesFtpPassword
[Closed Indico ERROR Log]
[Started Indico ERROR Log]
2016-09-19 11:01:03,534 [8940    ] ERROR - IndicoConfiguration class: Unable to retrieve the config value for ImagesFtpUrl
[Closed Indico ERROR Log]
[Started Indico ERROR Log]
2016-09-19 11:05:10,825 [9464    ] ERROR - IndicoConfiguration class: Unable to retrieve the config value for ImagesFtpUrl
[Closed Indico ERROR Log]
[Started Indico ERROR Log]
2016-09-19 11:06:17,404 [7636    ] ERROR - IndicoConfiguration class: Unable to retrieve the config value for ImagesFtpUrl
[Closed Indico ERROR Log]
[Started Indico ERROR Log]
2016-09-19 11:11:16,887 [7636    ] ERROR - IndicoConfiguration class: Unable to retrieve the config value for ImagesFtpUrl
[Closed Indico ERROR Log]
[Started Indico ERROR Log]
2016-09-19 11:25:42,008 [9608    ] ERROR - IndicoConfiguration class: Unable to retrieve the config value for ImagesFtpUrl
[Closed Indico ERROR Log]
[Started Indico ERROR Log]
2016-09-19 11:34:27,861 [9608    ] ERROR - IndicoConfiguration class: Unable to retrieve the config value for ImagesFtpUrl
[Closed Indico ERROR Log]
[Started Indico ERROR Log]
2016-09-19 11:44:16,607 [6524    ] ERROR - IndicoConfiguration class: Unable to retrieve the config value for ImagesFtpUrl
[Closed Indico ERROR Log]
[Started Indico ERROR Log]
2016-09-19 11:48:10,574 [9396    ] ERROR - IndicoConfiguration class: Unable to retrieve the config value for ImagesFtpUrl
[Closed Indico ERROR Log]
[Started Indico ERROR Log]
[Closed Indico ERROR Log]
[Started Indico ERROR Log]
2016-09-20 13:20:11,300 [1848    ] ERROR - IndicoConfiguration class: Unable to retrieve the config value for ImagesFtpUrl
[Closed Indico ERROR Log]
[Started Indico ERROR Log]
2016-09-20 13:33:22,603 [7076    ] ERROR - IndicoConfiguration class: Unable to retrieve the config value for ImagesFtpUrl
[Closed Indico ERROR Log]
