[Started Indico WARN Log]
2016-09-19 08:43:09,773 [5360    ] WARN  - Navigation.AvailableUserPageRoles: Authorisation table for Siwanka De Silva (ID: 40) refreshed with session id m4bdahnamfeg5ia24ltiw4ls has 116 rows
[Closed Indico WARN Log]
[Started Indico WARN Log]
2016-09-19 10:45:16,453 [6044    ] WARN  - Navigation.AvailableUserPageRoles: Authorisation table for Siwanka De Silva (ID: 40) refreshed with session id 5crnpwh0p252grqjugqrkrio has 116 rows
2016-09-19 10:49:23,881 [6044    ] ERROR - IndicoConfiguration class: Unable to retrieve the config value for ImagesFtpUrl
2016-09-19 10:49:23,881 [6044    ] ERROR - IndicoConfiguration class: Unable to retrieve the config value for ImagesFtpUserName
2016-09-19 10:49:23,881 [6044    ] ERROR - IndicoConfiguration class: Unable to retrieve the config value for ImagesFtpPassword
[Closed Indico WARN Log]
[Started Indico WARN Log]
2016-09-19 10:51:22,043 [11048   ] WARN  - Navigation.AvailableUserPageRoles: Authorisation table for Siwanka De Silva (ID: 40) refreshed with session id 5crnpwh0p252grqjugqrkrio has 116 rows
2016-09-19 10:51:35,596 [9512    ] ERROR - IndicoConfiguration class: Unable to retrieve the config value for ImagesFtpUrl
2016-09-19 10:51:35,601 [9512    ] ERROR - IndicoConfiguration class: Unable to retrieve the config value for ImagesFtpUserName
2016-09-19 10:51:35,602 [9512    ] ERROR - IndicoConfiguration class: Unable to retrieve the config value for ImagesFtpPassword
[Closed Indico WARN Log]
[Started Indico WARN Log]
2016-09-19 10:55:09,119 [3000    ] WARN  - Navigation.AvailableUserPageRoles: Authorisation table for Siwanka De Silva (ID: 40) refreshed with session id 5crnpwh0p252grqjugqrkrio has 116 rows
2016-09-19 10:55:26,135 [8940    ] ERROR - IndicoConfiguration class: Unable to retrieve the config value for ImagesFtpUrl
2016-09-19 10:55:26,141 [8940    ] ERROR - IndicoConfiguration class: Unable to retrieve the config value for ImagesFtpUserName
2016-09-19 10:55:26,142 [8940    ] ERROR - IndicoConfiguration class: Unable to retrieve the config value for ImagesFtpPassword
[Closed Indico WARN Log]
[Started Indico WARN Log]
2016-09-19 10:59:34,168 [9648    ] WARN  - Navigation.AvailableUserPageRoles: Authorisation table for Siwanka De Silva (ID: 40) refreshed with session id 5crnpwh0p252grqjugqrkrio has 116 rows
2016-09-19 11:01:03,534 [8940    ] ERROR - IndicoConfiguration class: Unable to retrieve the config value for ImagesFtpUrl
[Closed Indico WARN Log]
[Started Indico WARN Log]
2016-09-19 11:05:02,104 [4196    ] WARN  - Navigation.AvailableUserPageRoles: Authorisation table for Siwanka De Silva (ID: 40) refreshed with session id 5crnpwh0p252grqjugqrkrio has 116 rows
2016-09-19 11:05:10,825 [9464    ] ERROR - IndicoConfiguration class: Unable to retrieve the config value for ImagesFtpUrl
[Closed Indico WARN Log]
[Started Indico WARN Log]
2016-09-19 11:06:11,048 [9464    ] WARN  - Navigation.AvailableUserPageRoles: Authorisation table for Siwanka De Silva (ID: 40) refreshed with session id 5crnpwh0p252grqjugqrkrio has 116 rows
2016-09-19 11:06:17,404 [7636    ] ERROR - IndicoConfiguration class: Unable to retrieve the config value for ImagesFtpUrl
[Closed Indico WARN Log]
[Started Indico WARN Log]
2016-09-19 11:11:08,731 [8940    ] WARN  - Navigation.AvailableUserPageRoles: Authorisation table for Siwanka De Silva (ID: 40) refreshed with session id 5crnpwh0p252grqjugqrkrio has 116 rows
2016-09-19 11:11:16,887 [7636    ] ERROR - IndicoConfiguration class: Unable to retrieve the config value for ImagesFtpUrl
[Closed Indico WARN Log]
[Started Indico WARN Log]
2016-09-19 11:25:33,276 [3028    ] WARN  - Navigation.AvailableUserPageRoles: Authorisation table for Siwanka De Silva (ID: 40) refreshed with session id 5crnpwh0p252grqjugqrkrio has 116 rows
2016-09-19 11:25:42,008 [9608    ] ERROR - IndicoConfiguration class: Unable to retrieve the config value for ImagesFtpUrl
[Closed Indico WARN Log]
[Started Indico WARN Log]
2016-09-19 11:34:12,581 [8344    ] WARN  - Navigation.AvailableUserPageRoles: Authorisation table for Siwanka De Silva (ID: 40) refreshed with session id 5crnpwh0p252grqjugqrkrio has 116 rows
2016-09-19 11:34:27,861 [9608    ] ERROR - IndicoConfiguration class: Unable to retrieve the config value for ImagesFtpUrl
[Closed Indico WARN Log]
[Started Indico WARN Log]
2016-09-19 11:44:00,824 [11564   ] WARN  - Navigation.AvailableUserPageRoles: Authorisation table for Siwanka De Silva (ID: 40) refreshed with session id 5crnpwh0p252grqjugqrkrio has 116 rows
2016-09-19 11:44:16,607 [6524    ] ERROR - IndicoConfiguration class: Unable to retrieve the config value for ImagesFtpUrl
[Closed Indico WARN Log]
[Started Indico WARN Log]
2016-09-19 11:47:59,376 [3184    ] WARN  - Navigation.AvailableUserPageRoles: Authorisation table for Siwanka De Silva (ID: 40) refreshed with session id 5crnpwh0p252grqjugqrkrio has 116 rows
2016-09-19 11:48:10,574 [9396    ] ERROR - IndicoConfiguration class: Unable to retrieve the config value for ImagesFtpUrl
[Closed Indico WARN Log]
[Started Indico WARN Log]
2016-09-20 10:47:03,812 [10516   ] WARN  - Navigation.AvailableUserPageRoles: Authorisation table for Siwanka De Silva (ID: 40) refreshed with session id k0cks3kf2zqigvoykm35e5mb has 116 rows
[Closed Indico WARN Log]
[Started Indico WARN Log]
2016-09-20 13:19:49,855 [4148    ] WARN  - Navigation.AvailableUserPageRoles: Authorisation table for Siwanka De Silva (ID: 40) refreshed with session id k0cks3kf2zqigvoykm35e5mb has 116 rows
2016-09-20 13:20:11,300 [1848    ] ERROR - IndicoConfiguration class: Unable to retrieve the config value for ImagesFtpUrl
[Closed Indico WARN Log]
[Started Indico WARN Log]
2016-09-20 13:33:22,603 [7076    ] ERROR - IndicoConfiguration class: Unable to retrieve the config value for ImagesFtpUrl
2016-09-20 13:49:19,601 [12824   ] WARN  - Navigation.AvailableUserPageRoles: Authorisation table for Siwanka De Silva (ID: 40) refreshed with session id k0cks3kf2zqigvoykm35e5mb has 116 rows
[Closed Indico WARN Log]
